[debug] [2021-07-17T15:19:13.875Z] ----------------------------------------------------------------------
[debug] [2021-07-17T15:19:13.877Z] Command:       C:\Program Files\nodejs\node.exe C:\Users\Acer\AppData\Roaming\npm\node_modules\firebase-tools\lib\bin\firebase.js deploy
[debug] [2021-07-17T15:19:13.877Z] CLI Version:   9.14.0
[debug] [2021-07-17T15:19:13.877Z] Platform:      win32
[debug] [2021-07-17T15:19:13.877Z] Node Version:  v12.13.1
[debug] [2021-07-17T15:19:13.878Z] Time:          Sat Jul 17 2021 19:19:13 GMT+0400 (Armenia Standard Time)
[debug] [2021-07-17T15:19:13.878Z] ----------------------------------------------------------------------
[debug] 
[debug] [2021-07-17T15:19:13.881Z] >>> [apiv2][query] GET https://firebase-public.firebaseio.com/cli.json [none]
[debug] [2021-07-17T15:19:13.918Z] > command requires scopes: ["email","openid","https://www.googleapis.com/auth/cloudplatformprojects.readonly","https://www.googleapis.com/auth/firebase","https://www.googleapis.com/auth/cloud-platform"]
[debug] [2021-07-17T15:19:13.918Z] > authorizing via signed-in user (petrosyanartur78@gmail.com)
[debug] [2021-07-17T15:19:13.918Z] [iam] checking project startupgrind-1699a for permissions ["firebase.projects.get","firebasehosting.sites.update"]
[debug] [2021-07-17T15:19:13.920Z] > refreshing access token with scopes: ["email","https://www.googleapis.com/auth/cloud-platform","https://www.googleapis.com/auth/cloudplatformprojects.readonly","https://www.googleapis.com/auth/firebase","openid"]
[debug] [2021-07-17T15:19:13.921Z] >>> HTTP REQUEST POST https://www.googleapis.com/oauth2/v3/token  
 <request body omitted>
[debug] [2021-07-17T15:19:14.180Z] <<< HTTP RESPONSE 200 {"date":"Sat, 17 Jul 2021 15:19:13 GMT","pragma":"no-cache","cache-control":"no-cache, no-store, max-age=0, must-revalidate","expires":"Mon, 01 Jan 1990 00:00:00 GMT","content-type":"application/json; charset=utf-8","vary":"X-Origin, Referer, Origin,Accept-Encoding","server":"scaffolding on HTTPServer2","x-xss-protection":"0","x-frame-options":"SAMEORIGIN","x-content-type-options":"nosniff","alt-svc":"h3=\":443\"; ma=2592000,h3-29=\":443\"; ma=2592000,h3-T051=\":443\"; ma=2592000,h3-Q050=\":443\"; ma=2592000,h3-Q046=\":443\"; ma=2592000,h3-Q043=\":443\"; ma=2592000,quic=\":443\"; ma=2592000; v=\"46,43\"","accept-ranges":"none","transfer-encoding":"chunked"}
[debug] [2021-07-17T15:19:14.197Z] >>> HTTP REQUEST POST https://cloudresourcemanager.googleapis.com/v1/projects/startupgrind-1699a:testIamPermissions  
 {"permissions":["firebase.projects.get","firebasehosting.sites.update"]}
[debug] [2021-07-17T15:19:14.568Z] <<< [apiv2][status] GET https://firebase-public.firebaseio.com/cli.json 200
[debug] [2021-07-17T15:19:14.568Z] <<< [apiv2][body] GET https://firebase-public.firebaseio.com/cli.json {"cloudBuildErrorAfter":1594252800000,"cloudBuildWarnAfter":1590019200000,"defaultNode10After":1594252800000,"minVersion":"3.0.5","node8DeploysDisabledAfter":1613390400000,"node8RuntimeDisabledAfter":1615809600000,"node8WarnAfter":1600128000000}
